{"/Users/tdavis/Project Melon Active/melon-toolkit-assembler/src/assembler.js": {"path":"/Users/tdavis/Project Melon Active/melon-toolkit-assembler/src/assembler.js","statementMap":{"0":{"start":{"line":5,"column":31},"end":{"line":5,"column":42}},"1":{"start":{"line":7,"column":0},"end":{"line":58,"column":3}},"2":{"start":{"line":10,"column":4},"end":{"line":19,"column":7}},"3":{"start":{"line":11,"column":8},"end":{"line":11,"column":31}},"4":{"start":{"line":12,"column":8},"end":{"line":12,"column":120}},"5":{"start":{"line":13,"column":8},"end":{"line":13,"column":100}},"6":{"start":{"line":14,"column":8},"end":{"line":14,"column":107}},"7":{"start":{"line":15,"column":8},"end":{"line":15,"column":116}},"8":{"start":{"line":16,"column":8},"end":{"line":16,"column":107}},"9":{"start":{"line":17,"column":8},"end":{"line":17,"column":109}},"10":{"start":{"line":18,"column":8},"end":{"line":18,"column":112}},"11":{"start":{"line":21,"column":4},"end":{"line":28,"column":7}},"12":{"start":{"line":22,"column":30},"end":{"line":22,"column":85}},"13":{"start":{"line":24,"column":8},"end":{"line":24,"column":51}},"14":{"start":{"line":25,"column":8},"end":{"line":25,"column":55}},"15":{"start":{"line":26,"column":8},"end":{"line":26,"column":69}},"16":{"start":{"line":27,"column":8},"end":{"line":27,"column":77}},"17":{"start":{"line":30,"column":4},"end":{"line":36,"column":7}},"18":{"start":{"line":31,"column":22},"end":{"line":31,"column":77}},"19":{"start":{"line":33,"column":8},"end":{"line":33,"column":51}},"20":{"start":{"line":34,"column":8},"end":{"line":34,"column":57}},"21":{"start":{"line":35,"column":8},"end":{"line":35,"column":47}},"22":{"start":{"line":38,"column":4},"end":{"line":57,"column":7}},"23":{"start":{"line":39,"column":28},"end":{"line":50,"column":9}},"24":{"start":{"line":52,"column":30},"end":{"line":52,"column":61}},"25":{"start":{"line":54,"column":8},"end":{"line":54,"column":57}},"26":{"start":{"line":55,"column":8},"end":{"line":55,"column":56}},"27":{"start":{"line":56,"column":8},"end":{"line":56,"column":65}}},"fnMap":{"0":{"name":"(anonymous_0)","decl":{"start":{"line":7,"column":33},"end":{"line":7,"column":34}},"loc":{"start":{"line":7,"column":39},"end":{"line":58,"column":1}},"line":7},"1":{"name":"(anonymous_1)","decl":{"start":{"line":10,"column":15},"end":{"line":10,"column":16}},"loc":{"start":{"line":10,"column":21},"end":{"line":19,"column":5}},"line":10},"2":{"name":"(anonymous_2)","decl":{"start":{"line":21,"column":72},"end":{"line":21,"column":73}},"loc":{"start":{"line":21,"column":78},"end":{"line":28,"column":5}},"line":21},"3":{"name":"(anonymous_3)","decl":{"start":{"line":30,"column":77},"end":{"line":30,"column":78}},"loc":{"start":{"line":30,"column":83},"end":{"line":36,"column":5}},"line":30},"4":{"name":"(anonymous_4)","decl":{"start":{"line":38,"column":72},"end":{"line":38,"column":73}},"loc":{"start":{"line":38,"column":84},"end":{"line":57,"column":5}},"line":38}},"branchMap":{},"s":{"0":0,"1":0,"2":0,"3":0,"4":0,"5":0,"6":0,"7":0,"8":0,"9":0,"10":0,"11":0,"12":0,"13":0,"14":0,"15":0,"16":0,"17":0,"18":0,"19":0,"20":0,"21":0,"22":0,"23":0,"24":0,"25":0,"26":0,"27":0},"f":{"0":0,"1":0,"2":0,"3":0,"4":0},"b":{}}
}
